<?xml version="1.0" encoding="UTF-8"?>
<!-- Generated by org.testng.reporters.JUnitReportReporter -->
<testsuite hostname="DESKTOP-PH5BQEK" failures="0" tests="1" name="TestRunner_Classes.TestRunner_testSuite1" time="39.976" errors="0" timestamp="4 May 2021 06:19:43 GMT">
  <testcase classname="TestRunner_Classes.TestRunner_testSuite1" name="feature" time="39.976"/>
</testsuite> <!-- TestRunner_Classes.TestRunner_testSuite1 -->
