<?xml version="1.0" encoding="UTF-8"?>
<!-- Generated by org.testng.reporters.JUnitReportReporter -->
<testsuite hostname="DESKTOP-PH5BQEK" failures="0" tests="1" name="testrunner.testrunner" time="25.126" errors="0" timestamp="24 May 2021 04:50:51 GMT">
  <testcase classname="testrunner.testrunner" name="feature" time="25.126"/>
</testsuite> <!-- testrunner.testrunner -->
