<?xml version="1.0" encoding="UTF-8"?>
<!-- Generated by org.testng.reporters.JUnitReportReporter -->
<testsuite hostname="DESKTOP-PH5BQEK" failures="0" tests="1" name="testrunner.testrunner" time="63.909" errors="0" timestamp="24 May 2021 05:05:17 GMT">
  <testcase classname="testrunner.testrunner" name="feature" time="63.909"/>
</testsuite> <!-- testrunner.testrunner -->
